ARM GAS  D:\msys64\tmp\cc2oT9kb.s 			page 1


   1              		.cpu cortex-m4
   2              		.arch armv7e-m
   3              		.fpu fpv4-sp-d16
   4              		.eabi_attribute 27, 1
   5              		.eabi_attribute 28, 1
   6              		.eabi_attribute 20, 1
   7              		.eabi_attribute 21, 1
   8              		.eabi_attribute 23, 3
   9              		.eabi_attribute 24, 1
  10              		.eabi_attribute 25, 1
  11              		.eabi_attribute 26, 1
  12              		.eabi_attribute 30, 1
  13              		.eabi_attribute 34, 1
  14              		.eabi_attribute 18, 4
  15              		.file	"robot.c"
  16              		.text
  17              	.Ltext0:
  18              		.cfi_sections	.debug_frame
  19              		.file 1 "Application/robot.c"
  20              		.section	.rodata.OSTaskInit.str1.4,"aMS",%progbits,1
  21              		.align	2
  22              	.LC0:
  23 0000 726F626F 		.ascii	"robotTask\000"
  23      74546173 
  23      6B00
  24              		.section	.text.OSTaskInit,"ax",%progbits
  25              		.align	1
  26              		.global	OSTaskInit
  27              		.syntax unified
  28              		.thumb
  29              		.thumb_func
  31              	OSTaskInit:
  32              	.LFB138:
  33              		.file 2 "Application/robot_task.h"
   1:Application/robot_task.h **** #pragma once
   2:Application/robot_task.h **** 
   3:Application/robot_task.h **** #include "FreeRTOS.h"
   4:Application/robot_task.h **** #include "task.h"
   5:Application/robot_task.h **** #include "main.h"
   6:Application/robot_task.h **** #include "cmsis_os.h"
   7:Application/robot_task.h **** 
   8:Application/robot_task.h **** #include "robot.h"
   9:Application/robot_task.h **** 
  10:Application/robot_task.h **** osThreadId_t robotTaskHandle;
  11:Application/robot_task.h **** 
  12:Application/robot_task.h **** void StartROBOTTASK(void const *argument);
  13:Application/robot_task.h **** 
  14:Application/robot_task.h **** 
  15:Application/robot_task.h **** /**
  16:Application/robot_task.h ****  * @brief 初始化机器人任务,所有持续运行的任务都在这里初始化
  17:Application/robot_task.h ****  *
  18:Application/robot_task.h ****  */
  19:Application/robot_task.h **** void OSTaskInit()
  20:Application/robot_task.h **** {
  34              		.loc 2 20 1 view -0
  35              		.cfi_startproc
  36              		@ args = 0, pretend = 0, frame = 40
ARM GAS  D:\msys64\tmp\cc2oT9kb.s 			page 2


  37              		@ frame_needed = 0, uses_anonymous_args = 0
  38 0000 00B5     		push	{lr}
  39              	.LCFI0:
  40              		.cfi_def_cfa_offset 4
  41              		.cfi_offset 14, -4
  42 0002 8BB0     		sub	sp, sp, #44
  43              	.LCFI1:
  44              		.cfi_def_cfa_offset 48
  21:Application/robot_task.h ****     const osThreadAttr_t robotTask_attributes = {
  45              		.loc 2 21 5 view .LVU1
  46              		.loc 2 21 26 is_stmt 0 view .LVU2
  47 0004 2422     		movs	r2, #36
  48 0006 0021     		movs	r1, #0
  49 0008 01A8     		add	r0, sp, #4
  50 000a FFF7FEFF 		bl	memset
  51              	.LVL0:
  52 000e 084B     		ldr	r3, .L3
  53 0010 0193     		str	r3, [sp, #4]
  54 0012 4FF40073 		mov	r3, #512
  55 0016 0693     		str	r3, [sp, #24]
  56 0018 1823     		movs	r3, #24
  57 001a 0793     		str	r3, [sp, #28]
  22:Application/robot_task.h ****     .name = "robotTask",
  23:Application/robot_task.h ****     .stack_size = 128 * 4,
  24:Application/robot_task.h ****     .priority = (osPriority_t) osPriorityNormal,
  25:Application/robot_task.h ****     };
  26:Application/robot_task.h **** 
  27:Application/robot_task.h ****     robotTaskHandle = osThreadNew(StartROBOTTASK, NULL, &robotTask_attributes);
  58              		.loc 2 27 5 is_stmt 1 view .LVU3
  59              		.loc 2 27 23 is_stmt 0 view .LVU4
  60 001c 01AA     		add	r2, sp, #4
  61 001e 0021     		movs	r1, #0
  62 0020 0448     		ldr	r0, .L3+4
  63 0022 FFF7FEFF 		bl	osThreadNew
  64              	.LVL1:
  65              		.loc 2 27 21 discriminator 1 view .LVU5
  66 0026 044B     		ldr	r3, .L3+8
  67 0028 1860     		str	r0, [r3]
  28:Application/robot_task.h **** }
  68              		.loc 2 28 1 view .LVU6
  69 002a 0BB0     		add	sp, sp, #44
  70              	.LCFI2:
  71              		.cfi_def_cfa_offset 4
  72              		@ sp needed
  73 002c 5DF804FB 		ldr	pc, [sp], #4
  74              	.L4:
  75              		.align	2
  76              	.L3:
  77 0030 00000000 		.word	.LC0
  78 0034 00000000 		.word	StartROBOTTASK
  79 0038 00000000 		.word	robotTaskHandle
  80              		.cfi_endproc
  81              	.LFE138:
  83              		.section	.text.RobotInit,"ax",%progbits
  84              		.align	1
  85              		.global	RobotInit
  86              		.syntax unified
ARM GAS  D:\msys64\tmp\cc2oT9kb.s 			page 3


  87              		.thumb
  88              		.thumb_func
  90              	RobotInit:
  91              	.LFB140:
   1:Application/robot.c **** #include "robot.h"
   2:Application/robot.c **** #include "robot_def.h"
   3:Application/robot.c **** #include "robot_task.h"
   4:Application/robot.c **** 
   5:Application/robot.c **** #include "robot_cmd.h"
   6:Application/robot.c **** #include "chassis_control.h"
   7:Application/robot.c **** #include "Bsp_can.h"
   8:Application/robot.c **** #include "pid.h"
   9:Application/robot.c **** #include "usart.h"
  10:Application/robot.c **** 
  11:Application/robot.c **** extern uint8_t buffer[36];
  12:Application/robot.c **** extern pid_struct_t pid[9];
  13:Application/robot.c **** void RobotInit()
  14:Application/robot.c **** {
  92              		.loc 1 14 1 is_stmt 1 view -0
  93              		.cfi_startproc
  94              		@ args = 0, pretend = 0, frame = 0
  95              		@ frame_needed = 0, uses_anonymous_args = 0
  96 0000 10B5     		push	{r4, lr}
  97              	.LCFI3:
  98              		.cfi_def_cfa_offset 8
  99              		.cfi_offset 4, -8
 100              		.cfi_offset 14, -4
  15:Application/robot.c ****     can_user_init(&hcan1);
 101              		.loc 1 15 5 view .LVU8
 102 0002 1148     		ldr	r0, .L9
 103 0004 FFF7FEFF 		bl	can_user_init
 104              	.LVL2:
  16:Application/robot.c ****     HAL_Delay(10);
 105              		.loc 1 16 5 view .LVU9
 106 0008 0A20     		movs	r0, #10
 107 000a FFF7FEFF 		bl	HAL_Delay
 108              	.LVL3:
  17:Application/robot.c ****     HAL_UARTEx_ReceiveToIdle_IT(&huart3 , buffer, sizeof(buffer));
 109              		.loc 1 17 5 view .LVU10
 110 000e 2422     		movs	r2, #36
 111 0010 0E49     		ldr	r1, .L9+4
 112 0012 0F48     		ldr	r0, .L9+8
 113 0014 FFF7FEFF 		bl	HAL_UARTEx_ReceiveToIdle_IT
 114              	.LVL4:
  18:Application/robot.c ****     for(int i = 1; i < 5; i++)
 115              		.loc 1 18 5 view .LVU11
 116              	.LBB2:
 117              		.loc 1 18 9 view .LVU12
 118              		.loc 1 18 13 is_stmt 0 view .LVU13
 119 0018 0124     		movs	r4, #1
 120              		.loc 1 18 5 view .LVU14
 121 001a 10E0     		b	.L6
 122              	.LVL5:
 123              	.L7:
  19:Application/robot.c ****     {
  20:Application/robot.c ****         pid_init(&pid[i], 5, 0.05, 0, 1000, 5000);
 124              		.loc 1 20 9 is_stmt 1 view .LVU15
ARM GAS  D:\msys64\tmp\cc2oT9kb.s 			page 4


 125 001c 9FED0D2A 		vldr.32	s4, .L9+12
 126 0020 DFED0D1A 		vldr.32	s3, .L9+16
 127 0024 9FED0D1A 		vldr.32	s2, .L9+20
 128 0028 DFED0D0A 		vldr.32	s1, .L9+24
 129 002c B1EE040A 		vmov.f32	s0, #5.0e+0
 130 0030 3420     		movs	r0, #52
 131 0032 0C4B     		ldr	r3, .L9+28
 132 0034 00FB0430 		mla	r0, r0, r4, r3
 133 0038 FFF7FEFF 		bl	pid_init
 134              	.LVL6:
  18:Application/robot.c ****     for(int i = 1; i < 5; i++)
 135              		.loc 1 18 28 discriminator 3 view .LVU16
 136 003c 0134     		adds	r4, r4, #1
 137              	.LVL7:
 138              	.L6:
  18:Application/robot.c ****     for(int i = 1; i < 5; i++)
 139              		.loc 1 18 22 discriminator 1 view .LVU17
 140 003e 042C     		cmp	r4, #4
 141 0040 ECDD     		ble	.L7
 142              	.LBE2:
  21:Application/robot.c ****     }
  22:Application/robot.c ****     OSTaskInit();
 143              		.loc 1 22 5 view .LVU18
 144 0042 FFF7FEFF 		bl	OSTaskInit
 145              	.LVL8:
  23:Application/robot.c **** }
 146              		.loc 1 23 1 is_stmt 0 view .LVU19
 147 0046 10BD     		pop	{r4, pc}
 148              	.LVL9:
 149              	.L10:
 150              		.loc 1 23 1 view .LVU20
 151              		.align	2
 152              	.L9:
 153 0048 00000000 		.word	hcan1
 154 004c 00000000 		.word	buffer
 155 0050 00000000 		.word	huart3
 156 0054 00409C45 		.word	1167867904
 157 0058 00007A44 		.word	1148846080
 158 005c 00000000 		.word	0
 159 0060 CDCC4C3D 		.word	1028443341
 160 0064 00000000 		.word	pid
 161              		.cfi_endproc
 162              	.LFE140:
 164              		.section	.text.RobotTask,"ax",%progbits
 165              		.align	1
 166              		.global	RobotTask
 167              		.syntax unified
 168              		.thumb
 169              		.thumb_func
 171              	RobotTask:
 172              	.LFB141:
  24:Application/robot.c **** 
  25:Application/robot.c **** void RobotTask()
  26:Application/robot.c **** {
 173              		.loc 1 26 1 is_stmt 1 view -0
 174              		.cfi_startproc
 175              		@ args = 0, pretend = 0, frame = 0
ARM GAS  D:\msys64\tmp\cc2oT9kb.s 			page 5


 176              		@ frame_needed = 0, uses_anonymous_args = 0
 177 0000 08B5     		push	{r3, lr}
 178              	.LCFI4:
 179              		.cfi_def_cfa_offset 8
 180              		.cfi_offset 3, -8
 181              		.cfi_offset 14, -4
  27:Application/robot.c ****     RobotCMDTask();
 182              		.loc 1 27 5 view .LVU22
 183 0002 FFF7FEFF 		bl	RobotCMDTask
 184              	.LVL10:
  28:Application/robot.c ****     ChassisTask();
 185              		.loc 1 28 5 view .LVU23
 186 0006 FFF7FEFF 		bl	ChassisTask
 187              	.LVL11:
  29:Application/robot.c **** }...
 188              		.loc 1 29 1 is_stmt 0 view .LVU24
 189 000a 08BD     		pop	{r3, pc}
 190              		.cfi_endproc
 191              	.LFE141:
 193              		.section	.text.StartROBOTTASK,"ax",%progbits
 194              		.align	1
 195              		.global	StartROBOTTASK
 196              		.syntax unified
 197              		.thumb
 198              		.thumb_func
 200              	StartROBOTTASK:
 201              	.LFB139:
  29:Application/robot_task.h **** 
  30:Application/robot_task.h **** 
  31:Application/robot_task.h **** __attribute__((noreturn)) void StartROBOTTASK(void const *argument)
  32:Application/robot_task.h **** {
 202              		.loc 2 32 1 is_stmt 1 view -0
 203              		.cfi_startproc
 204              		@ Volatile: function does not return.
 205              		@ args = 0, pretend = 0, frame = 0
 206              		@ frame_needed = 0, uses_anonymous_args = 0
 207              	.LVL12:
 208              		.loc 2 32 1 is_stmt 0 view .LVU26
 209 0000 08B5     		push	{r3, lr}
 210              	.LCFI5:
 211              		.cfi_def_cfa_offset 8
 212              		.cfi_offset 3, -8
 213              		.cfi_offset 14, -4
 214              	.LVL13:
 215              	.L14:
  33:Application/robot_task.h ****     for(;;)
 216              		.loc 2 33 5 is_stmt 1 view .LVU27
  34:Application/robot_task.h ****     {
  35:Application/robot_task.h ****         RobotTask();
 217              		.loc 2 35 9 view .LVU28
 218 0002 FFF7FEFF 		bl	RobotTask
 219              	.LVL14:
  36:Application/robot_task.h ****         osDelay(5);
 220              		.loc 2 36 9 discriminator 1 view .LVU29
 221 0006 0520     		movs	r0, #5
 222 0008 FFF7FEFF 		bl	osDelay
 223              	.LVL15:
ARM GAS  D:\msys64\tmp\cc2oT9kb.s 			page 6


  33:Application/robot_task.h ****     for(;;)
 224              		.loc 2 33 5 view .LVU30
 225 000c F9E7     		b	.L14
 226              		.cfi_endproc
 227              	.LFE139:
 229              		.global	robotTaskHandle
 230              		.section	.bss.robotTaskHandle,"aw",%nobits
 231              		.align	2
 234              	robotTaskHandle:
 235 0000 00000000 		.space	4
 236              		.text
 237              	.Letext0:
 238              		.file 3 "D:/msys64/mingw64/arm-none-eabi/include/machine/_default_types.h"
 239              		.file 4 "D:/msys64/mingw64/arm-none-eabi/include/sys/_stdint.h"
 240              		.file 5 "Drivers/CMSIS/Device/ST/STM32F4xx/Include/stm32f407xx.h"
 241              		.file 6 "Drivers/CMSIS/Device/ST/STM32F4xx/Include/stm32f4xx.h"
 242              		.file 7 "Drivers/STM32F4xx_HAL_Driver/Inc/stm32f4xx_hal_def.h"
 243              		.file 8 "Drivers/STM32F4xx_HAL_Driver/Inc/stm32f4xx_hal_dma.h"
 244              		.file 9 "Drivers/STM32F4xx_HAL_Driver/Inc/stm32f4xx_hal_can.h"
 245              		.file 10 "Drivers/STM32F4xx_HAL_Driver/Inc/stm32f4xx_hal_uart.h"
 246              		.file 11 "Middlewares/Third_Party/FreeRTOS/Source/CMSIS_RTOS_V2/cmsis_os2.h"
 247              		.file 12 "Core/Inc/can.h"
 248              		.file 13 "Application/pid/pid.h"
 249              		.file 14 "Core/Inc/usart.h"
 250              		.file 15 "Application/chassis/chassis_control.h"
 251              		.file 16 "Application/cmd/robot_cmd.h"
 252              		.file 17 "Drivers/STM32F4xx_HAL_Driver/Inc/stm32f4xx_hal.h"
 253              		.file 18 "Bsp/Bsp_can.h"
 254              		.file 19 "<built-in>"
ARM GAS  D:\msys64\tmp\cc2oT9kb.s 			page 7


DEFINED SYMBOLS
                            *ABS*:00000000 robot.c
D:\msys64\tmp\cc2oT9kb.s:21     .rodata.OSTaskInit.str1.4:00000000 $d
D:\msys64\tmp\cc2oT9kb.s:25     .text.OSTaskInit:00000000 $t
D:\msys64\tmp\cc2oT9kb.s:31     .text.OSTaskInit:00000000 OSTaskInit
D:\msys64\tmp\cc2oT9kb.s:77     .text.OSTaskInit:00000030 $d
D:\msys64\tmp\cc2oT9kb.s:200    .text.StartROBOTTASK:00000000 StartROBOTTASK
D:\msys64\tmp\cc2oT9kb.s:234    .bss.robotTaskHandle:00000000 robotTaskHandle
D:\msys64\tmp\cc2oT9kb.s:84     .text.RobotInit:00000000 $t
D:\msys64\tmp\cc2oT9kb.s:90     .text.RobotInit:00000000 RobotInit
D:\msys64\tmp\cc2oT9kb.s:153    .text.RobotInit:00000048 $d
D:\msys64\tmp\cc2oT9kb.s:165    .text.RobotTask:00000000 $t
D:\msys64\tmp\cc2oT9kb.s:171    .text.RobotTask:00000000 RobotTask
D:\msys64\tmp\cc2oT9kb.s:194    .text.StartROBOTTASK:00000000 $t
D:\msys64\tmp\cc2oT9kb.s:231    .bss.robotTaskHandle:00000000 $d

UNDEFINED SYMBOLS
memset
osThreadNew
can_user_init
HAL_Delay
HAL_UARTEx_ReceiveToIdle_IT
pid_init
hcan1
buffer
huart3
pid
RobotCMDTask
ChassisTask
osDelay
